# JRE version: OpenJDK Runtime Environment Temurin-17.0.11+9 (17.0.11+9) (build 17.0.11+9)
# Java VM: OpenJDK 64-Bit Server VM Temurin-17.0.11+9 (17.0.11+9, mixed mode, tiered, compressed oops, compressed class ptrs, parallel gc, windows-amd64)
GC Precious Log:
 CPUs: 4 total, 4 available
 Memory: 6020M
 Large Page Support: Disabled
 NUMA Support: Disabled
 Compressed Oops: Enabled (32-bit)
 Alignments: Space 512K, Generation 512K, Heap 2M
 Heap Min Capacity: 100M
 Heap Initial Capacity: 100M
 Heap Max Capacity: 1G
 Pre-touch: Disabled
 Parallel Workers: 4
Heap:
 PSYoungGen      total 7168K, used 7030K [0x00000000eab00000, 0x00000000eb880000, 0x0000000100000000)
  eden space 6144K, 100% used [0x00000000eab00000,0x00000000eb100000,0x00000000eb100000)
  from space 1024K, 86% used [0x00000000eb780000,0x00000000eb85d810,0x00000000eb880000)
  to   space 3072K, 0% used [0x00000000eb280000,0x00000000eb280000,0x00000000eb580000)
 ParOldGen       total 699392K, used 287981K [0x00000000c0000000, 0x00000000eab00000, 0x00000000eab00000)
  object space 699392K, 41% used [0x00000000c0000000,0x00000000d193b4c8,0x00000000eab00000)
 Metaspace       used 71169K, committed 72512K, reserved 1114112K
  class space    used 7417K, committed 8000K, reserved 1048576K
GC Heap History (20 events):
Event: 210.558 GC heap before
{Heap before GC invocations=454 (full 238):
 PSYoungGen      total 6144K, used 5631K [0x00000000eab00000, 0x00000000eb300000, 0x0000000100000000)
  eden space 5632K, 99% used [0x00000000eab00000,0x00000000eb07fff8,0x00000000eb080000)
  from space 512K, 0% used [0x00000000eb200000,0x00000000eb200000,0x00000000eb280000)
  to   space 1024K, 0% used [0x00000000eb080000,0x00000000eb080000,0x00000000eb180000)
 ParOldGen       total 239616K, used 239400K [0x00000000c0000000, 0x00000000cea00000, 0x00000000eab00000)
  object space 239616K, 99% used [0x00000000c0000000,0x00000000ce9ca1b0,0x00000000cea00000)
 Metaspace       used 70907K, committed 72256K, reserved 1114112K
  class space    used 7405K, committed 8000K, reserved 1048576K
}
Event: 210.825 GC heap after
{Heap after GC invocations=454 (full 238):
 PSYoungGen      total 6656K, used 5629K [0x00000000eab00000, 0x00000000eb300000, 0x0000000100000000)
  eden space 5632K, 99% used [0x00000000eab00000,0x00000000eb07f5f0,0x00000000eb080000)
  from space 1024K, 0% used [0x00000000eb080000,0x00000000eb080000,0x00000000eb180000)
  to   space 512K, 0% used [0x00000000eb200000,0x00000000eb200000,0x00000000eb280000)
 ParOldGen       total 239616K, used 239400K [0x00000000c0000000, 0x00000000cea00000, 0x00000000eab00000)
  object space 239616K, 99% used [0x00000000c0000000,0x00000000ce9ca058,0x00000000cea00000)
 Metaspace       used 70907K, committed 72256K, reserved 1114112K
  class space    used 7405K, committed 8000K, reserved 1048576K
}
Event: 210.825 GC heap before
{Heap before GC invocations=455 (full 239):
 PSYoungGen      total 6656K, used 5632K [0x00000000eab00000, 0x00000000eb300000, 0x0000000100000000)
  eden space 5632K, 100% used [0x00000000eab00000,0x00000000eb080000,0x00000000eb080000)
  from space 1024K, 0% used [0x00000000eb080000,0x00000000eb080000,0x00000000eb180000)
  to   space 512K, 0% used [0x00000000eb200000,0x00000000eb200000,0x00000000eb280000)
 ParOldGen       total 239616K, used 239400K [0x00000000c0000000, 0x00000000cea00000, 0x00000000eab00000)
  object space 239616K, 99% used [0x00000000c0000000,0x00000000ce9ca058,0x00000000cea00000)
 Metaspace       used 70907K, committed 72256K, reserved 1114112K
  class space    used 7405K, committed 8000K, reserved 1048576K
}
Event: 211.060 GC heap after
{Heap after GC invocations=455 (full 239):
 PSYoungGen      total 6144K, used 5630K [0x00000000eab00000, 0x00000000eb300000, 0x0000000100000000)
  eden space 5632K, 99% used [0x00000000eab00000,0x00000000eb07f8b0,0x00000000eb080000)
  from space 512K, 0% used [0x00000000eb200000,0x00000000eb200000,0x00000000eb280000)
  to   space 1024K, 0% used [0x00000000eb080000,0x00000000eb080000,0x00000000eb180000)
 ParOldGen       total 239616K, used 239400K [0x00000000c0000000, 0x00000000cea00000, 0x00000000eab00000)
  object space 239616K, 99% used [0x00000000c0000000,0x00000000ce9ca058,0x00000000cea00000)
 Metaspace       used 70907K, committed 72256K, reserved 1114112K
  class space    used 7405K, committed 8000K, reserved 1048576K
}
Event: 211.061 GC heap before
{Heap before GC invocations=456 (full 240):
 PSYoungGen      total 6144K, used 5631K [0x00000000eab00000, 0x00000000eb300000, 0x0000000100000000)
  eden space 5632K, 99% used [0x00000000eab00000,0x00000000eb07ffc8,0x00000000eb080000)
  from space 512K, 0% used [0x00000000eb200000,0x00000000eb200000,0x00000000eb280000)
  to   space 1024K, 0% used [0x00000000eb080000,0x00000000eb080000,0x00000000eb180000)
 ParOldGen       total 239616K, used 239400K [0x00000000c0000000, 0x00000000cea00000, 0x00000000eab00000)
  object space 239616K, 99% used [0x00000000c0000000,0x00000000ce9ca058,0x00000000cea00000)
 Metaspace       used 70907K, committed 72256K, reserved 1114112K
  class space    used 7405K, committed 8000K, reserved 1048576K
}
Event: 211.309 GC heap after
{Heap after GC invocations=456 (full 240):
 PSYoungGen      total 6656K, used 5630K [0x00000000eab00000, 0x00000000eb300000, 0x0000000100000000)
  eden space 5632K, 99% used [0x00000000eab00000,0x00000000eb07f9f0,0x00000000eb080000)
  from space 1024K, 0% used [0x00000000eb080000,0x00000000eb080000,0x00000000eb180000)
  to   space 512K, 0% used [0x00000000eb200000,0x00000000eb200000,0x00000000eb280000)
 ParOldGen       total 239616K, used 239400K [0x00000000c0000000, 0x00000000cea00000, 0x00000000eab00000)
  object space 239616K, 99% used [0x00000000c0000000,0x00000000ce9ca058,0x00000000cea00000)
 Metaspace       used 70907K, committed 72256K, reserved 1114112K
  class space    used 7405K, committed 8000K, reserved 1048576K
}
Event: 211.309 GC heap before
{Heap before GC invocations=457 (full 241):
 PSYoungGen      total 6656K, used 5632K [0x00000000eab00000, 0x00000000eb300000, 0x0000000100000000)
  eden space 5632K, 100% used [0x00000000eab00000,0x00000000eb080000,0x00000000eb080000)
  from space 1024K, 0% used [0x00000000eb080000,0x00000000eb080000,0x00000000eb180000)
  to   space 512K, 0% used [0x00000000eb200000,0x00000000eb200000,0x00000000eb280000)
 ParOldGen       total 239616K, used 239400K [0x00000000c0000000, 0x00000000cea00000, 0x00000000eab00000)
  object space 239616K, 99% used [0x00000000c0000000,0x00000000ce9ca058,0x00000000cea00000)
 Metaspace       used 70907K, committed 72256K, reserved 1114112K
  class space    used 7405K, committed 8000K, reserved 1048576K
}
Event: 211.542 GC heap after
{Heap after GC invocations=457 (full 241):
 PSYoungGen      total 6144K, used 5630K [0x00000000eab00000, 0x00000000eb300000, 0x0000000100000000)
  eden space 5632K, 99% used [0x00000000eab00000,0x00000000eb07fbf8,0x00000000eb080000)
  from space 512K, 0% used [0x00000000eb200000,0x00000000eb200000,0x00000000eb280000)
  to   space 1024K, 0% used [0x00000000eb080000,0x00000000eb080000,0x00000000eb180000)
 ParOldGen       total 239616K, used 239400K [0x00000000c0000000, 0x00000000cea00000, 0x00000000eab00000)
  object space 239616K, 99% used [0x00000000c0000000,0x00000000ce9ca058,0x00000000cea00000)
 Metaspace       used 70907K, committed 72256K, reserved 1114112K
  class space    used 7405K, committed 8000K, reserved 1048576K
}
Event: 211.543 GC heap before
{Heap before GC invocations=458 (full 242):
 PSYoungGen      total 6144K, used 5631K [0x00000000eab00000, 0x00000000eb300000, 0x0000000100000000)
  eden space 5632K, 99% used [0x00000000eab00000,0x00000000eb07fff8,0x00000000eb080000)
  from space 512K, 0% used [0x00000000eb200000,0x00000000eb200000,0x00000000eb280000)
  to   space 1024K, 0% used [0x00000000eb080000,0x00000000eb080000,0x00000000eb180000)
 ParOldGen       total 239616K, used 239400K [0x00000000c0000000, 0x00000000cea00000, 0x00000000eab00000)
  object space 239616K, 99% used [0x00000000c0000000,0x00000000ce9ca058,0x00000000cea00000)
 Metaspace       used 70907K, committed 72256K, reserved 1114112K
  class space    used 7405K, committed 8000K, reserved 1048576K
}
Event: 211.765 GC heap after
{Heap after GC invocations=458 (full 242):
 PSYoungGen      total 6656K, used 5631K [0x00000000eab00000, 0x00000000eb300000, 0x0000000100000000)
  eden space 5632K, 99% used [0x00000000eab00000,0x00000000eb07fcb0,0x00000000eb080000)
  from space 1024K, 0% used [0x00000000eb080000,0x00000000eb080000,0x00000000eb180000)
  to   space 512K, 0% used [0x00000000eb200000,0x00000000eb200000,0x00000000eb280000)
 ParOldGen       total 239616K, used 239400K [0x00000000c0000000, 0x00000000cea00000, 0x00000000eab00000)
  object space 239616K, 99% used [0x00000000c0000000,0x00000000ce9ca058,0x00000000cea00000)
 Metaspace       used 70907K, committed 72256K, reserved 1114112K
  class space    used 7405K, committed 8000K, reserved 1048576K
}
Event: 211.766 GC heap before
{Heap before GC invocations=459 (full 243):
 PSYoungGen      total 6656K, used 5632K [0x00000000eab00000, 0x00000000eb300000, 0x0000000100000000)
  eden space 5632K, 100% used [0x00000000eab00000,0x00000000eb080000,0x00000000eb080000)
  from space 1024K, 0% used [0x00000000eb080000,0x00000000eb080000,0x00000000eb180000)
  to   space 512K, 0% used [0x00000000eb200000,0x00000000eb200000,0x00000000eb280000)
 ParOldGen       total 239616K, used 239400K [0x00000000c0000000, 0x00000000cea00000, 0x00000000eab00000)
  object space 239616K, 99% used [0x00000000c0000000,0x00000000ce9ca058,0x00000000cea00000)
 Metaspace       used 70907K, committed 72256K, reserved 1114112K
  class space    used 7405K, committed 8000K, reserved 1048576K
}
Event: 212.022 GC heap after
{Heap after GC invocations=459 (full 243):
 PSYoungGen      total 6144K, used 5631K [0x00000000eab00000, 0x00000000eb300000, 0x0000000100000000)
  eden space 5632K, 99% used [0x00000000eab00000,0x00000000eb07ff00,0x00000000eb080000)
  from space 512K, 0% used [0x00000000eb200000,0x00000000eb200000,0x00000000eb280000)
  to   space 1024K, 0% used [0x00000000eb080000,0x00000000eb080000,0x00000000eb180000)
 ParOldGen       total 239616K, used 239400K [0x00000000c0000000, 0x00000000cea00000, 0x00000000eab00000)
  object space 239616K, 99% used [0x00000000c0000000,0x00000000ce9ca058,0x00000000cea00000)
 Metaspace       used 70907K, committed 72256K, reserved 1114112K
  class space    used 7405K, committed 8000K, reserved 1048576K
}
Event: 212.022 GC heap before
{Heap before GC invocations=460 (full 244):
 PSYoungGen      total 6144K, used 5631K [0x00000000eab00000, 0x00000000eb300000, 0x0000000100000000)
  eden space 5632K, 99% used [0x00000000eab00000,0x00000000eb07fff8,0x00000000eb080000)
  from space 512K, 0% used [0x00000000eb200000,0x00000000eb200000,0x00000000eb280000)
  to   space 1024K, 0% used [0x00000000eb080000,0x00000000eb080000,0x00000000eb180000)
 ParOldGen       total 239616K, used 239400K [0x00000000c0000000, 0x00000000cea00000, 0x00000000eab00000)
  object space 239616K, 99% used [0x00000000c0000000,0x00000000ce9ca058,0x00000000cea00000)
 Metaspace       used 70907K, committed 72256K, reserved 1114112K
  class space    used 7405K, committed 8000K, reserved 1048576K
}
Event: 212.247 GC heap after
{Heap after GC invocations=460 (full 244):
 PSYoungGen      total 6656K, used 5631K [0x00000000eab00000, 0x00000000eb300000, 0x0000000100000000)
  eden space 5632K, 99% used [0x00000000eab00000,0x00000000eb07ff50,0x00000000eb080000)
  from space 1024K, 0% used [0x00000000eb080000,0x00000000eb080000,0x00000000eb180000)
  to   space 512K, 0% used [0x00000000eb200000,0x00000000eb200000,0x00000000eb280000)
 ParOldGen       total 239616K, used 239400K [0x00000000c0000000, 0x00000000cea00000, 0x00000000eab00000)
  object space 239616K, 99% used [0x00000000c0000000,0x00000000ce9ca058,0x00000000cea00000)
 Metaspace       used 70907K, committed 72256K, reserved 1114112K
  class space    used 7405K, committed 8000K, reserved 1048576K
}
Event: 212.247 GC heap before
{Heap before GC invocations=461 (full 245):
 PSYoungGen      total 6656K, used 5632K [0x00000000eab00000, 0x00000000eb300000, 0x0000000100000000)
  eden space 5632K, 100% used [0x00000000eab00000,0x00000000eb080000,0x00000000eb080000)
  from space 1024K, 0% used [0x00000000eb080000,0x00000000eb080000,0x00000000eb180000)
  to   space 512K, 0% used [0x00000000eb200000,0x00000000eb200000,0x00000000eb280000)
 ParOldGen       total 239616K, used 239400K [0x00000000c0000000, 0x00000000cea00000, 0x00000000eab00000)
  object space 239616K, 99% used [0x00000000c0000000,0x00000000ce9ca058,0x00000000cea00000)
 Metaspace       used 70907K, committed 72256K, reserved 1114112K
  class space    used 7405K, committed 8000K, reserved 1048576K
}
Event: 212.590 GC heap after
{Heap after GC invocations=461 (full 245):
 PSYoungGen      total 6144K, used 5632K [0x00000000eab00000, 0x00000000eb300000, 0x0000000100000000)
  eden space 5632K, 100% used [0x00000000eab00000,0x00000000eb080000,0x00000000eb080000)
  from space 512K, 0% used [0x00000000eb200000,0x00000000eb200000,0x00000000eb280000)
  to   space 1024K, 0% used [0x00000000eb080000,0x00000000eb080000,0x00000000eb180000)
 ParOldGen       total 699392K, used 239400K [0x00000000c0000000, 0x00000000eab00000, 0x00000000eab00000)
  object space 699392K, 34% used [0x00000000c0000000,0x00000000ce9ca058,0x00000000eab00000)
 Metaspace       used 70907K, committed 72256K, reserved 1114112K
  class space    used 7405K, committed 8000K, reserved 1048576K
}
Event: 212.590 GC heap before
{Heap before GC invocations=462 (full 245):
 PSYoungGen      total 6144K, used 5632K [0x00000000eab00000, 0x00000000eb300000, 0x0000000100000000)
  eden space 5632K, 100% used [0x00000000eab00000,0x00000000eb080000,0x00000000eb080000)
  from space 512K, 0% used [0x00000000eb200000,0x00000000eb200000,0x00000000eb280000)
  to   space 1024K, 0% used [0x00000000eb080000,0x00000000eb080000,0x00000000eb180000)
 ParOldGen       total 699392K, used 239402K [0x00000000c0000000, 0x00000000eab00000, 0x00000000eab00000)
  object space 699392K, 34% used [0x00000000c0000000,0x00000000ce9cab50,0x00000000eab00000)
 Metaspace       used 70907K, committed 72256K, reserved 1114112K
  class space    used 7405K, committed 8000K, reserved 1048576K
}
Event: 212.659 GC heap after
{Heap after GC invocations=462 (full 245):
 PSYoungGen      total 6656K, used 1011K [0x00000000eab00000, 0x00000000ebe00000, 0x0000000100000000)
  eden space 5632K, 0% used [0x00000000eab00000,0x00000000eab00000,0x00000000eb080000)
  from space 1024K, 98% used [0x00000000eb080000,0x00000000eb17cc50,0x00000000eb180000)
  to   space 6656K, 0% used [0x00000000eb780000,0x00000000eb780000,0x00000000ebe00000)
 ParOldGen       total 699392K, used 244078K [0x00000000c0000000, 0x00000000eab00000, 0x00000000eab00000)
  object space 699392K, 34% used [0x00000000c0000000,0x00000000cee5b820,0x00000000eab00000)
 Metaspace       used 70907K, committed 72256K, reserved 1114112K
  class space    used 7405K, committed 8000K, reserved 1048576K
}
Event: 212.708 GC heap before
{Heap before GC invocations=463 (full 245):
 PSYoungGen      total 6656K, used 6643K [0x00000000eab00000, 0x00000000ebe00000, 0x0000000100000000)
  eden space 5632K, 100% used [0x00000000eab00000,0x00000000eb080000,0x00000000eb080000)
  from space 1024K, 98% used [0x00000000eb080000,0x00000000eb17cc50,0x00000000eb180000)
  to   space 6656K, 0% used [0x00000000eb780000,0x00000000eb780000,0x00000000ebe00000)
 ParOldGen       total 699392K, used 244078K [0x00000000c0000000, 0x00000000eab00000, 0x00000000eab00000)
  object space 699392K, 34% used [0x00000000c0000000,0x00000000cee5b820,0x00000000eab00000)
 Metaspace       used 70907K, committed 72256K, reserved 1114112K
  class space    used 7405K, committed 8000K, reserved 1048576K
}
Event: 212.719 GC heap after
{Heap after GC invocations=463 (full 245):
 PSYoungGen      total 7168K, used 886K [0x00000000eab00000, 0x00000000eb880000, 0x0000000100000000)
  eden space 6144K, 0% used [0x00000000eab00000,0x00000000eab00000,0x00000000eb100000)
  from space 1024K, 86% used [0x00000000eb780000,0x00000000eb85d810,0x00000000eb880000)
  to   space 3072K, 0% used [0x00000000eb280000,0x00000000eb280000,0x00000000eb580000)
 ParOldGen       total 699392K, used 245096K [0x00000000c0000000, 0x00000000eab00000, 0x00000000eab00000)
  object space 699392K, 35% used [0x00000000c0000000,0x00000000cef5a0c8,0x00000000eab00000)
 Metaspace       used 70907K, committed 72256K, reserved 1114112K
  class space    used 7405K, committed 8000K, reserved 1048576K
}

