# JRE version: OpenJDK Runtime Environment Temurin-17.0.12+7 (17.0.12+7) (build 17.0.12+7)
# Java VM: OpenJDK 64-Bit Server VM Temurin-17.0.12+7 (17.0.12+7, mixed mode, tiered, compressed oops, compressed class ptrs, parallel gc, windows-amd64)
GC Precious Log:
 CPUs: 4 total, 4 available
 Memory: 6020M
 Large Page Support: Disabled
 NUMA Support: Disabled
 Compressed Oops: Enabled (32-bit)
 Alignments: Space 512K, Generation 512K, Heap 2M
 Heap Min Capacity: 100M
 Heap Initial Capacity: 100M
 Heap Max Capacity: 1G
 Pre-touch: Disabled
 Parallel Workers: 4
Heap:
 PSYoungGen      total 8192K, used 7713K [0x00000000eab00000, 0x00000000eb600000, 0x0000000100000000)
  eden space 7168K, 97% used [0x00000000eab00000,0x00000000eb1d32a8,0x00000000eb200000)
  from space 1024K, 70% used [0x00000000eb280000,0x00000000eb335220,0x00000000eb380000)
  to   space 1536K, 0% used [0x00000000eb480000,0x00000000eb480000,0x00000000eb600000)
 ParOldGen       total 171008K, used 135082K [0x00000000c0000000, 0x00000000ca700000, 0x00000000eab00000)
  object space 171008K, 78% used [0x00000000c0000000,0x00000000c83eaa78,0x00000000ca700000)
 Metaspace       used 92706K, committed 94016K, reserved 1179648K
  class space    used 9188K, committed 9792K, reserved 1048576K
GC Heap History (20 events):
Event: 4128.087 GC heap before
{Heap before GC invocations=2944 (full 66):
 PSYoungGen      total 3072K, used 3054K [0x00000000eab00000, 0x00000000eb080000, 0x0000000100000000)
  eden space 2560K, 100% used [0x00000000eab00000,0x00000000ead80000,0x00000000ead80000)
  from space 512K, 96% used [0x00000000eae00000,0x00000000eae7b930,0x00000000eae80000)
  to   space 1536K, 0% used [0x00000000eaf00000,0x00000000eaf00000,0x00000000eb080000)
 ParOldGen       total 174592K, used 172357K [0x00000000c0000000, 0x00000000caa80000, 0x00000000eab00000)
  object space 174592K, 98% used [0x00000000c0000000,0x00000000ca851708,0x00000000caa80000)
 Metaspace       used 92705K, committed 94016K, reserved 1179648K
  class space    used 9188K, committed 9792K, reserved 1048576K
}
Event: 4128.093 GC heap after
{Heap after GC invocations=2944 (full 66):
 PSYoungGen      total 3584K, used 580K [0x00000000eab00000, 0x00000000eb000000, 0x0000000100000000)
  eden space 2560K, 0% used [0x00000000eab00000,0x00000000eab00000,0x00000000ead80000)
  from space 1024K, 56% used [0x00000000eaf00000,0x00000000eaf91230,0x00000000eb000000)
  to   space 1024K, 0% used [0x00000000eae00000,0x00000000eae00000,0x00000000eaf00000)
 ParOldGen       total 174592K, used 172872K [0x00000000c0000000, 0x00000000caa80000, 0x00000000eab00000)
  object space 174592K, 99% used [0x00000000c0000000,0x00000000ca8d22b0,0x00000000caa80000)
 Metaspace       used 92705K, committed 94016K, reserved 1179648K
  class space    used 9188K, committed 9792K, reserved 1048576K
}
Event: 4128.112 GC heap before
{Heap before GC invocations=2945 (full 66):
 PSYoungGen      total 3584K, used 3140K [0x00000000eab00000, 0x00000000eb000000, 0x0000000100000000)
  eden space 2560K, 100% used [0x00000000eab00000,0x00000000ead80000,0x00000000ead80000)
  from space 1024K, 56% used [0x00000000eaf00000,0x00000000eaf91230,0x00000000eb000000)
  to   space 1024K, 0% used [0x00000000eae00000,0x00000000eae00000,0x00000000eaf00000)
 ParOldGen       total 174592K, used 172872K [0x00000000c0000000, 0x00000000caa80000, 0x00000000eab00000)
  object space 174592K, 99% used [0x00000000c0000000,0x00000000ca8d22b0,0x00000000caa80000)
 Metaspace       used 92705K, committed 94016K, reserved 1179648K
  class space    used 9188K, committed 9792K, reserved 1048576K
}
Event: 4128.116 GC heap after
{Heap after GC invocations=2945 (full 66):
 PSYoungGen      total 3584K, used 564K [0x00000000eab00000, 0x00000000eaf80000, 0x0000000100000000)
  eden space 2560K, 0% used [0x00000000eab00000,0x00000000eab00000,0x00000000ead80000)
  from space 1024K, 55% used [0x00000000eae00000,0x00000000eae8d220,0x00000000eaf00000)
  to   space 512K, 0% used [0x00000000eaf00000,0x00000000eaf00000,0x00000000eaf80000)
 ParOldGen       total 174592K, used 173409K [0x00000000c0000000, 0x00000000caa80000, 0x00000000eab00000)
  object space 174592K, 99% used [0x00000000c0000000,0x00000000ca958768,0x00000000caa80000)
 Metaspace       used 92705K, committed 94016K, reserved 1179648K
  class space    used 9188K, committed 9792K, reserved 1048576K
}
Event: 4128.122 GC heap before
{Heap before GC invocations=2946 (full 66):
 PSYoungGen      total 3584K, used 3124K [0x00000000eab00000, 0x00000000eaf80000, 0x0000000100000000)
  eden space 2560K, 100% used [0x00000000eab00000,0x00000000ead80000,0x00000000ead80000)
  from space 1024K, 55% used [0x00000000eae00000,0x00000000eae8d220,0x00000000eaf00000)
  to   space 512K, 0% used [0x00000000eaf00000,0x00000000eaf00000,0x00000000eaf80000)
 ParOldGen       total 174592K, used 173409K [0x00000000c0000000, 0x00000000caa80000, 0x00000000eab00000)
  object space 174592K, 99% used [0x00000000c0000000,0x00000000ca958768,0x00000000caa80000)
 Metaspace       used 92705K, committed 94016K, reserved 1179648K
  class space    used 9188K, committed 9792K, reserved 1048576K
}
Event: 4128.125 GC heap after
{Heap after GC invocations=2946 (full 66):
 PSYoungGen      total 3584K, used 288K [0x00000000eab00000, 0x00000000eaf80000, 0x0000000100000000)
  eden space 3072K, 0% used [0x00000000eab00000,0x00000000eab00000,0x00000000eae00000)
  from space 512K, 56% used [0x00000000eaf00000,0x00000000eaf48000,0x00000000eaf80000)
  to   space 512K, 0% used [0x00000000eae80000,0x00000000eae80000,0x00000000eaf00000)
 ParOldGen       total 174592K, used 173918K [0x00000000c0000000, 0x00000000caa80000, 0x00000000eab00000)
  object space 174592K, 99% used [0x00000000c0000000,0x00000000ca9d79a8,0x00000000caa80000)
 Metaspace       used 92705K, committed 94016K, reserved 1179648K
  class space    used 9188K, committed 9792K, reserved 1048576K
}
Event: 4128.132 GC heap before
{Heap before GC invocations=2947 (full 66):
 PSYoungGen      total 3584K, used 3360K [0x00000000eab00000, 0x00000000eaf80000, 0x0000000100000000)
  eden space 3072K, 100% used [0x00000000eab00000,0x00000000eae00000,0x00000000eae00000)
  from space 512K, 56% used [0x00000000eaf00000,0x00000000eaf48000,0x00000000eaf80000)
  to   space 512K, 0% used [0x00000000eae80000,0x00000000eae80000,0x00000000eaf00000)
 ParOldGen       total 174592K, used 173918K [0x00000000c0000000, 0x00000000caa80000, 0x00000000eab00000)
  object space 174592K, 99% used [0x00000000c0000000,0x00000000ca9d79a8,0x00000000caa80000)
 Metaspace       used 92705K, committed 94016K, reserved 1179648K
  class space    used 9188K, committed 9792K, reserved 1048576K
}
Event: 4128.135 GC heap after
{Heap after GC invocations=2947 (full 66):
 PSYoungGen      total 4096K, used 416K [0x00000000eab00000, 0x00000000eb000000, 0x0000000100000000)
  eden space 3584K, 0% used [0x00000000eab00000,0x00000000eab00000,0x00000000eae80000)
  from space 512K, 81% used [0x00000000eae80000,0x00000000eaee8000,0x00000000eaf00000)
  to   space 512K, 0% used [0x00000000eaf80000,0x00000000eaf80000,0x00000000eb000000)
 ParOldGen       total 174592K, used 174190K [0x00000000c0000000, 0x00000000caa80000, 0x00000000eab00000)
  object space 174592K, 99% used [0x00000000c0000000,0x00000000caa1b9a8,0x00000000caa80000)
 Metaspace       used 92705K, committed 94016K, reserved 1179648K
  class space    used 9188K, committed 9792K, reserved 1048576K
}
Event: 4128.140 GC heap before
{Heap before GC invocations=2948 (full 66):
 PSYoungGen      total 4096K, used 4000K [0x00000000eab00000, 0x00000000eb000000, 0x0000000100000000)
  eden space 3584K, 100% used [0x00000000eab00000,0x00000000eae80000,0x00000000eae80000)
  from space 512K, 81% used [0x00000000eae80000,0x00000000eaee8000,0x00000000eaf00000)
  to   space 512K, 0% used [0x00000000eaf80000,0x00000000eaf80000,0x00000000eb000000)
 ParOldGen       total 174592K, used 174190K [0x00000000c0000000, 0x00000000caa80000, 0x00000000eab00000)
  object space 174592K, 99% used [0x00000000c0000000,0x00000000caa1b9a8,0x00000000caa80000)
 Metaspace       used 92705K, committed 94016K, reserved 1179648K
  class space    used 9188K, committed 9792K, reserved 1048576K
}
Event: 4128.142 GC heap after
{Heap after GC invocations=2948 (full 66):
 PSYoungGen      total 4608K, used 224K [0x00000000eab00000, 0x00000000eb080000, 0x0000000100000000)
  eden space 4096K, 0% used [0x00000000eab00000,0x00000000eab00000,0x00000000eaf00000)
  from space 512K, 43% used [0x00000000eaf80000,0x00000000eafb8000,0x00000000eb000000)
  to   space 512K, 0% used [0x00000000eaf00000,0x00000000eaf00000,0x00000000eaf80000)
 ParOldGen       total 174592K, used 174558K [0x00000000c0000000, 0x00000000caa80000, 0x00000000eab00000)
  object space 174592K, 99% used [0x00000000c0000000,0x00000000caa779a8,0x00000000caa80000)
 Metaspace       used 92705K, committed 94016K, reserved 1179648K
  class space    used 9188K, committed 9792K, reserved 1048576K
}
Event: 4128.142 GC heap before
{Heap before GC invocations=2949 (full 67):
 PSYoungGen      total 4608K, used 224K [0x00000000eab00000, 0x00000000eb080000, 0x0000000100000000)
  eden space 4096K, 0% used [0x00000000eab00000,0x00000000eab00000,0x00000000eaf00000)
  from space 512K, 43% used [0x00000000eaf80000,0x00000000eafb8000,0x00000000eb000000)
  to   space 512K, 0% used [0x00000000eaf00000,0x00000000eaf00000,0x00000000eaf80000)
 ParOldGen       total 174592K, used 174558K [0x00000000c0000000, 0x00000000caa80000, 0x00000000eab00000)
  object space 174592K, 99% used [0x00000000c0000000,0x00000000caa779a8,0x00000000caa80000)
 Metaspace       used 92705K, committed 94016K, reserved 1179648K
  class space    used 9188K, committed 9792K, reserved 1048576K
}
Event: 4129.393 GC heap after
{Heap after GC invocations=2949 (full 67):
 PSYoungGen      total 4608K, used 0K [0x00000000eab00000, 0x00000000eb100000, 0x0000000100000000)
  eden space 4096K, 0% used [0x00000000eab00000,0x00000000eab00000,0x00000000eaf00000)
  from space 512K, 0% used [0x00000000eaf00000,0x00000000eaf00000,0x00000000eaf80000)
  to   space 512K, 0% used [0x00000000eb080000,0x00000000eb080000,0x00000000eb100000)
 ParOldGen       total 171008K, used 129128K [0x00000000c0000000, 0x00000000ca700000, 0x00000000eab00000)
  object space 171008K, 75% used [0x00000000c0000000,0x00000000c7e1a0f0,0x00000000ca700000)
 Metaspace       used 92705K, committed 94016K, reserved 1179648K
  class space    used 9188K, committed 9792K, reserved 1048576K
}
Event: 4129.423 GC heap before
{Heap before GC invocations=2950 (full 67):
 PSYoungGen      total 4608K, used 4096K [0x00000000eab00000, 0x00000000eb100000, 0x0000000100000000)
  eden space 4096K, 100% used [0x00000000eab00000,0x00000000eaf00000,0x00000000eaf00000)
  from space 512K, 0% used [0x00000000eaf00000,0x00000000eaf00000,0x00000000eaf80000)
  to   space 512K, 0% used [0x00000000eb080000,0x00000000eb080000,0x00000000eb100000)
 ParOldGen       total 171008K, used 129128K [0x00000000c0000000, 0x00000000ca700000, 0x00000000eab00000)
  object space 171008K, 75% used [0x00000000c0000000,0x00000000c7e1a0f0,0x00000000ca700000)
 Metaspace       used 92705K, committed 94016K, reserved 1179648K
  class space    used 9188K, committed 9792K, reserved 1048576K
}
Event: 4129.427 GC heap after
{Heap after GC invocations=2950 (full 67):
 PSYoungGen      total 5120K, used 484K [0x00000000eab00000, 0x00000000eb200000, 0x0000000100000000)
  eden space 4608K, 0% used [0x00000000eab00000,0x00000000eab00000,0x00000000eaf80000)
  from space 512K, 94% used [0x00000000eb080000,0x00000000eb0f9210,0x00000000eb100000)
  to   space 1024K, 0% used [0x00000000eaf80000,0x00000000eaf80000,0x00000000eb080000)
 ParOldGen       total 171008K, used 129292K [0x00000000c0000000, 0x00000000ca700000, 0x00000000eab00000)
  object space 171008K, 75% used [0x00000000c0000000,0x00000000c7e43368,0x00000000ca700000)
 Metaspace       used 92705K, committed 94016K, reserved 1179648K
  class space    used 9188K, committed 9792K, reserved 1048576K
}
Event: 4129.448 GC heap before
{Heap before GC invocations=2951 (full 67):
 PSYoungGen      total 5120K, used 5092K [0x00000000eab00000, 0x00000000eb200000, 0x0000000100000000)
  eden space 4608K, 100% used [0x00000000eab00000,0x00000000eaf80000,0x00000000eaf80000)
  from space 512K, 94% used [0x00000000eb080000,0x00000000eb0f9210,0x00000000eb100000)
  to   space 1024K, 0% used [0x00000000eaf80000,0x00000000eaf80000,0x00000000eb080000)
 ParOldGen       total 171008K, used 129292K [0x00000000c0000000, 0x00000000ca700000, 0x00000000eab00000)
  object space 171008K, 75% used [0x00000000c0000000,0x00000000c7e43368,0x00000000ca700000)
 Metaspace       used 92705K, committed 94016K, reserved 1179648K
  class space    used 9188K, committed 9792K, reserved 1048576K
}
Event: 4129.472 GC heap after
{Heap after GC invocations=2951 (full 67):
 PSYoungGen      total 5632K, used 1024K [0x00000000eab00000, 0x00000000eba80000, 0x0000000100000000)
  eden space 4608K, 0% used [0x00000000eab00000,0x00000000eab00000,0x00000000eaf80000)
  from space 1024K, 100% used [0x00000000eaf80000,0x00000000eb080000,0x00000000eb080000)
  to   space 5120K, 0% used [0x00000000eb580000,0x00000000eb580000,0x00000000eba80000)
 ParOldGen       total 171008K, used 132374K [0x00000000c0000000, 0x00000000ca700000, 0x00000000eab00000)
  object space 171008K, 77% used [0x00000000c0000000,0x00000000c8145800,0x00000000ca700000)
 Metaspace       used 92705K, committed 94016K, reserved 1179648K
  class space    used 9188K, committed 9792K, reserved 1048576K
}
Event: 4129.522 GC heap before
{Heap before GC invocations=2952 (full 67):
 PSYoungGen      total 5632K, used 5632K [0x00000000eab00000, 0x00000000eba80000, 0x0000000100000000)
  eden space 4608K, 100% used [0x00000000eab00000,0x00000000eaf80000,0x00000000eaf80000)
  from space 1024K, 100% used [0x00000000eaf80000,0x00000000eb080000,0x00000000eb080000)
  to   space 5120K, 0% used [0x00000000eb580000,0x00000000eb580000,0x00000000eba80000)
 ParOldGen       total 171008K, used 132374K [0x00000000c0000000, 0x00000000ca700000, 0x00000000eab00000)
  object space 171008K, 77% used [0x00000000c0000000,0x00000000c8145800,0x00000000ca700000)
 Metaspace       used 92705K, committed 94016K, reserved 1179648K
  class space    used 9188K, committed 9792K, reserved 1048576K
}
Event: 4129.532 GC heap after
{Heap after GC invocations=2952 (full 67):
 PSYoungGen      total 7680K, used 1696K [0x00000000eab00000, 0x00000000eb780000, 0x0000000100000000)
  eden space 5632K, 0% used [0x00000000eab00000,0x00000000eab00000,0x00000000eb080000)
  from space 2048K, 82% used [0x00000000eb580000,0x00000000eb728000,0x00000000eb780000)
  to   space 2560K, 0% used [0x00000000eb280000,0x00000000eb280000,0x00000000eb500000)
 ParOldGen       total 171008K, used 133430K [0x00000000c0000000, 0x00000000ca700000, 0x00000000eab00000)
  object space 171008K, 78% used [0x00000000c0000000,0x00000000c824d800,0x00000000ca700000)
 Metaspace       used 92705K, committed 94016K, reserved 1179648K
  class space    used 9188K, committed 9792K, reserved 1048576K
}
Event: 4129.592 GC heap before
{Heap before GC invocations=2953 (full 67):
 PSYoungGen      total 7680K, used 7328K [0x00000000eab00000, 0x00000000eb780000, 0x0000000100000000)
  eden space 5632K, 100% used [0x00000000eab00000,0x00000000eb080000,0x00000000eb080000)
  from space 2048K, 82% used [0x00000000eb580000,0x00000000eb728000,0x00000000eb780000)
  to   space 2560K, 0% used [0x00000000eb280000,0x00000000eb280000,0x00000000eb500000)
 ParOldGen       total 171008K, used 133430K [0x00000000c0000000, 0x00000000ca700000, 0x00000000eab00000)
  object space 171008K, 78% used [0x00000000c0000000,0x00000000c824d800,0x00000000ca700000)
 Metaspace       used 92705K, committed 94016K, reserved 1179648K
  class space    used 9188K, committed 9792K, reserved 1048576K
}
Event: 4129.599 GC heap after
{Heap after GC invocations=2953 (full 67):
 PSYoungGen      total 8192K, used 724K [0x00000000eab00000, 0x00000000eb600000, 0x0000000100000000)
  eden space 7168K, 0% used [0x00000000eab00000,0x00000000eab00000,0x00000000eb200000)
  from space 1024K, 70% used [0x00000000eb280000,0x00000000eb335220,0x00000000eb380000)
  to   space 1536K, 0% used [0x00000000eb480000,0x00000000eb480000,0x00000000eb600000)
 ParOldGen       total 171008K, used 135082K [0x00000000c0000000, 0x00000000ca700000, 0x00000000eab00000)
  object space 171008K, 78% used [0x00000000c0000000,0x00000000c83eaa78,0x00000000ca700000)
 Metaspace       used 92705K, committed 94016K, reserved 1179648K
  class space    used 9188K, committed 9792K, reserved 1048576K
}

